\BOOKMARK [0][-]{section*.2}{\376\377\000A\000b\000s\000t\000r\000a\000c\000t}{}% 1
\BOOKMARK [0][-]{section*.3}{\376\377\000A\000c\000k\000n\000o\000w\000l\000e\000d\000g\000e\000m\000e\000n\000t\000s}{}% 2
\BOOKMARK [0][-]{chapter.12}{\376\377\000I\000n\000t\000r\000o\000d\000u\000c\000t\000i\000o\000n}{}% 3
\BOOKMARK [0][-]{chapter.16}{\376\377\000F\000o\000n\000d\000a\000m\000e\000n\000t\000i\000\040\000d\000i\000\040\000C\000o\000m\000u\000n\000i\000c\000a\000z\000i\000o\000n\000i\000\040\000S\000i\000c\000u\000r\000e}{}% 4
\BOOKMARK [1][-]{section.17}{\376\377\000T\000e\000o\000r\000i\000a}{chapter.16}% 5
\BOOKMARK [2][-]{subsection.18}{\376\377\000H\000a\000s\000h\000\040\000F\000u\000n\000c\000t\000i\000o\000n}{section.17}% 6
\BOOKMARK [2][-]{subsection.21}{\376\377\000S\000c\000h\000e\000m\000i\000\040\000c\000r\000i\000t\000t\000o\000g\000r\000a\000f\000i\000c\000i}{section.17}% 7
\BOOKMARK [2][-]{subsection.39}{\376\377\000S\000i\000c\000u\000r\000e\000z\000z\000a}{section.17}% 8
\BOOKMARK [1][-]{section.42}{\376\377\000A\000p\000p\000l\000i\000c\000a\000z\000i\000o\000n\000i}{chapter.16}% 9
\BOOKMARK [1][-]{section.45}{\376\377\000I\000P\000s\000e\000c}{chapter.16}% 10
\BOOKMARK [2][-]{subsection.46}{\376\377\000A\000r\000c\000h\000i\000t\000e\000t\000t\000u\000r\000a}{section.45}% 11
\BOOKMARK [2][-]{subsection.48}{\376\377\000S\000e\000c\000u\000r\000i\000t\000y\000\040\000A\000s\000s\000o\000c\000i\000a\000t\000i\000o\000n}{section.45}% 12
\BOOKMARK [2][-]{subsection.51}{\376\377\000N\000e\000g\000o\000z\000i\000a\000z\000i\000o\000n\000e\000\040\000S\000A}{section.45}% 13
\BOOKMARK [1][-]{section.52}{\376\377\000I\000K\000E}{chapter.16}% 14
\BOOKMARK [2][-]{subsection.54}{\376\377\000I\000K\000E\000\137\000S\000A\000\137\000I\000N\000I\000T}{section.52}% 15
\BOOKMARK [2][-]{subsection.56}{\376\377\000I\000K\000E\000\137\000A\000U\000T\000H}{section.52}% 16
\BOOKMARK [2][-]{subsection.58}{\376\377\000C\000H\000I\000L\000D\000\137\000S\000A}{section.52}% 17
\BOOKMARK [1][-]{section.59}{\376\377\000P\000r\000o\000b\000l\000e\000m\000i}{chapter.16}% 18
\BOOKMARK [0][-]{chapter.62}{\376\377\000S\000c\000e\000n\000a\000r\000i\000o}{}% 19
\BOOKMARK [1][-]{section.64}{\376\377\000C\000o\000m\000u\000n\000i\000c\000a\000z\000i\000o\000n\000i\000\040\000S\000a\000t\000e\000l\000l\000i\000a\000r\000i}{chapter.62}% 20
\BOOKMARK [2][-]{subsection.67}{\376\377\000L\000i\000m\000i\000t\000a\000z\000i\000o\000n\000i}{section.64}% 21
\BOOKMARK [2][-]{subsection.68}{\376\377\000S\000t\000a\000t\000o\000\040\000A\000t\000t\000u\000a\000l\000e}{section.64}% 22
\BOOKMARK [2][-]{subsection.70}{\376\377\000S\000f\000i\000d\000e}{section.64}% 23
\BOOKMARK [1][-]{section.72}{\376\377\000B\000e\000n\000c\000h\000m\000a\000r\000k\000i\000n\000g}{chapter.62}% 24
\BOOKMARK [1][-]{section.73}{\376\377\000T\000u\000t\000t\000a\000v\000i\000a}{chapter.62}% 25
\BOOKMARK [0][-]{chapter.74}{\376\377\000H\000u\000m\000m\000i\000n\000g\000b\000i\000r\000d}{}% 26
\BOOKMARK [1][-]{section.75}{\376\377\000P\000r\000o\000g\000e\000t\000t\000a\000z\000i\000o\000n\000e}{chapter.74}% 27
\BOOKMARK [2][-]{subsection.76}{\376\377\000R\000e\000q\000u\000i\000s\000i\000t\000i}{section.75}% 28
\BOOKMARK [2][-]{subsection.77}{\376\377\000A\000r\000c\000h\000i\000t\000e\000t\000t\000u\000r\000a}{section.75}% 29
\BOOKMARK [1][-]{section.80}{\376\377\000I\000m\000p\000l\000e\000m\000e\000n\000t\000a\000z\000i\000o\000n\000e}{chapter.74}% 30
\BOOKMARK [2][-]{subsection.81}{\376\377\000S\000t\000r\000u\000m\000e\000n\000t\000i}{section.80}% 31
\BOOKMARK [2][-]{subsection.82}{\376\377\000C\000o\000d\000i\000c\000e}{section.80}% 32
\BOOKMARK [2][-]{subsection.90}{\376\377\000S\000f\000i\000d\000e}{section.80}% 33
\BOOKMARK [1][-]{section.91}{\376\377\000A\000n\000a\000l\000i\000s\000i}{chapter.74}% 34
\BOOKMARK [0][-]{appendix.92}{\376\377\000I\000K\000E\000v\0002\000\040\000N\000o\000t\000a\000t\000i\000o\000n}{}% 35
\BOOKMARK [1][-]{subsection.93}{\376\377\000A\000u\000t\000h\000e\000n\000t\000i\000c\000a\000t\000i\000o\000n}{appendix.92}% 36
\BOOKMARK [1][-]{section.94}{\376\377\000K\000e\000y\000\040\000D\000e\000r\000i\000v\000a\000t\000i\000o\000n}{appendix.92}% 37
\BOOKMARK [2][-]{subsection.95}{\376\377\000I\000K\000E\000\040\000S\000A}{section.94}% 38
\BOOKMARK [2][-]{subsection.97}{\376\377\000I\000P\000s\000e\000c\000\040\000S\000A}{section.94}% 39
\BOOKMARK [1][-]{section.98}{\376\377\000S\000e\000c\000u\000r\000i\000t\000y\000\040\000A\000s\000s\000o\000c\000i\000a\000t\000i\000o\000n\000\040\000P\000a\000y\000l\000o\000a\000d}{appendix.92}% 40
